<?xml version="1.0" encoding="UTF-8"?>
<coverage line-rate="0.6" branch-rate="0.5" lines-covered="6" lines-valid="10" branches-covered="1" branches-valid="2" version="1.9" timestamp="1700000000000">
  <sources><source>/src</source></sources>
  <packages>
    <package name="Demo.Core" line-rate="0.6" branch-rate="0.5" complexity="4">
      <classes>
        <class name="Demo.Core.Calculator" filename="Demo.Core/Calculator.cs" line-rate="0.6" branch-rate="0.5" complexity="3">
          <methods>
            <method name="Add" signature="(System.Int32,System.Int32)" line-rate="1" branch-rate="1">
              <lines>
                <line number="5" hits="3" branch="false"/>
                <line number="6" hits="3" branch="false"/>
              </lines>
            </method>
            <method name="Subtract" signature="(System.Int32,System.Int32)" line-rate="0" branch-rate="1">
              <lines>
                <line number="9" hits="0" branch="false"/>
                <line number="10" hits="0" branch="false"/>
              </lines>
            </method>
            <method name="Multiply" signature="(System.Int32,System.Int32)" line-rate="0.5" branch-rate="0.5">
              <lines>
                <line number="13" hits="2" branch="true" condition-coverage="50% (1/2)"/>
                <line number="14" hits="0" branch="false"/>
              </lines>
            </method>
          </methods>
          <lines>
            <line number="5" hits="3" branch="false"/>
            <line number="6" hits="3" branch="false"/>
            <line number="9" hits="0" branch="false"/>
            <line number="10" hits="0" branch="false"/>
            <line number="13" hits="2" branch="true" condition-coverage="50% (1/2)"/>
            <line number="14" hits="0" branch="false"/>
          </lines>
        </class>
        <class name="Demo.Core.Calculator/Nested" filename="Demo.Core/Calculator.cs" line-rate="1" branch-rate="1" complexity="1">
          <methods>
            <method name="Helper" signature="()" line-rate="1" branch-rate="1">
              <lines><line number="20" hits="1" branch="false"/></lines>
            </method>
          </methods>
          <lines><line number="20" hits="1" branch="false"/></lines>
        </class>
      </classes>
    </package>
  </packages>
</coverage>
